#
# There is insufficient memory for the Java Runtime Environment to continue.
# Native memory allocation (malloc) failed to allocate 1670496 bytes for Chunk::new
# Possible reasons:
#   The system is out of physical RAM or swap space
#   The process is running with CompressedOops enabled, and the Java Heap may be blocking the growth of the native heap
# Possible solutions:
#   Reduce memory load on the system
#   Increase physical memory or swap space
#   Check if swap backing store is full
#   Decrease Java heap size (-Xmx/-Xms)
#   Decrease number of Java threads
#   Decrease Java thread stack sizes (-Xss)
#   Set larger code cache with -XX:ReservedCodeCacheSize=
#   JVM is running with Unscaled Compressed Oops mode in which the Java heap is
#     placed in the first 4GB address space. The Java Heap base address is the
#     maximum limit for the native heap growth. Please use -XX:HeapBaseMinAddress
#     to set the Java Heap base and to place the Java Heap above 4GB virtual address.
# This output file may be truncated or incomplete.
#
#  Out of Memory Error (allocation.cpp:389), pid=9476, tid=0x00000000000027d8
#
# JRE version: OpenJDK Runtime Environment (8.0_242-b01) (build 1.8.0_242-release-1644-b01)
# Java VM: OpenJDK 64-Bit Server VM (25.242-b01 mixed mode windows-amd64 compressed oops)
# Failed to write core dump. Minidumps are not enabled by default on client versions of Windows
#

---------------  T H R E A D  ---------------

Current thread (0x00000000171e0000):  JavaThread "C2 CompilerThread1" daemon [_thread_in_native, id=10200, stack(0x00000000188e0000,0x00000000189e0000)]

Stack: [0x00000000188e0000,0x00000000189e0000]
[error occurred during error reporting (printing stack bounds), id 0xc0000005]

Native frames: (J=compiled Java code, j=interpreted, Vv=VM code, C=native code)


Current CompileTask:
C2: 105120 17338 %     4       com.android.tools.r8.ir.conversion.K::a @ 40 (951 bytes)


---------------  P R O C E S S  ---------------

Java Threads: ( => current thread )
  0x000000001acb4000 JavaThread "Cache worker for Java compile cache (E:\StudioProjects\ColorMyViews\.gradle\6.1.1\javaCompile)" [_thread_blocked, id=31324, stack(0x00000000271b0000,0x00000000272b0000)]
  0x000000001acb9000 JavaThread "Cache worker for Java compile cache (C:\Users\Peter\.gradle\caches\6.1.1\javaCompile)" [_thread_blocked, id=33168, stack(0x0000000026a70000,0x0000000026b70000)]
  0x000000001acb8800 JavaThread "RMI TCP Connection(idle)" daemon [_thread_blocked, id=14076, stack(0x0000000026c70000,0x0000000026d70000)]
  0x000000001acb7000 JavaThread "RMI Reaper" [_thread_blocked, id=32428, stack(0x0000000026eb0000,0x0000000026fb0000)]
  0x000000001acb4800 JavaThread "RMI TCP Accept-0" daemon [_thread_in_native, id=33784, stack(0x0000000026db0000,0x0000000026eb0000)]
  0x000000001acb7800 JavaThread "GC Daemon" daemon [_thread_blocked, id=21328, stack(0x0000000026b70000,0x0000000026c70000)]
  0x000000001acb6000 JavaThread "RMI Scheduler(0)" daemon [_thread_blocked, id=31376, stack(0x0000000026970000,0x0000000026a70000)]
  0x000000001acb5800 JavaThread "stdout" [_thread_in_native, id=26972, stack(0x0000000026070000,0x0000000026170000)]
  0x000000001acac000 JavaThread "stderr" [_thread_in_native, id=25356, stack(0x0000000025f70000,0x0000000026070000)]
  0x000000001acb3000 JavaThread "stdout" [_thread_in_native, id=17736, stack(0x0000000025e70000,0x0000000025f70000)]
  0x000000001acb1800 JavaThread "stderr" [_thread_in_native, id=31492, stack(0x0000000025d70000,0x0000000025e70000)]
  0x000000001acaa000 JavaThread "MarlinRenderer Disposer" daemon [_thread_blocked, id=33260, stack(0x0000000025a70000,0x0000000025b70000)]
  0x000000001acb0000 JavaThread "Java2D Disposer" daemon [_thread_blocked, id=10292, stack(0x0000000025970000,0x0000000025a70000)]
  0x000000001acaa800 JavaThread "WorkerExecutor Queue Thread 4" [_thread_blocked, id=33084, stack(0x0000000025870000,0x0000000025970000)]
  0x000000001acad000 JavaThread "WorkerExecutor Queue Thread 3" [_thread_blocked, id=16760, stack(0x0000000025770000,0x0000000025870000)]
  0x000000001acaf000 JavaThread "WorkerExecutor Queue Thread 2" [_thread_blocked, id=32816, stack(0x0000000025670000,0x0000000025770000)]
  0x000000001acae800 JavaThread "WorkerExecutor Queue" [_thread_blocked, id=8668, stack(0x0000000025370000,0x0000000025470000)]
  0x000000001acab800 JavaThread "stdout" [_thread_in_native, id=33240, stack(0x0000000025270000,0x0000000025370000)]
  0x000000001a34e000 JavaThread "stderr" [_thread_in_native, id=31724, stack(0x0000000025170000,0x0000000025270000)]
  0x000000001a34c800 JavaThread "stdout" [_thread_in_native, id=29628, stack(0x0000000025070000,0x0000000025170000)]
  0x000000001a34b800 JavaThread "stderr" [_thread_in_native, id=27480, stack(0x0000000024f70000,0x0000000025070000)]
  0x000000001a34b000 JavaThread "pool-2-thread-1" [_thread_blocked, id=33176, stack(0x0000000024e70000,0x0000000024f70000)]
  0x000000001a349800 JavaThread "Cache worker for execution history cache (E:\StudioProjects\ColorMyViews\.gradle\6.1.1\executionHistory)" [_thread_blocked, id=33316, stack(0x0000000024b70000,0x0000000024c70000)]
  0x000000001a34d000 JavaThread "Execution worker for ':' Thread 3" [_thread_in_Java, id=9860, stack(0x0000000024870000,0x0000000024970000)]
  0x000000001a34e800 JavaThread "Execution worker for ':' Thread 2" [_thread_blocked, id=29412, stack(0x0000000024770000,0x0000000024870000)]
  0x000000001a342000 JavaThread "Execution worker for ':'" [_thread_in_native, id=33280, stack(0x0000000023fc0000,0x00000000240c0000)]
  0x000000001a348800 JavaThread "Cache worker for file content cache (E:\StudioProjects\ColorMyViews\.gradle\6.1.1\fileContent)" [_thread_blocked, id=33412, stack(0x0000000023ec0000,0x0000000023fc0000)]
  0x000000001a347000 JavaThread "Cache worker for file content cache (C:\Users\Peter\.gradle\caches\6.1.1\fileContent)" [_thread_blocked, id=14628, stack(0x0000000023dc0000,0x0000000023ec0000)]
  0x000000001a348000 JavaThread "Memory manager" [_thread_blocked, id=33216, stack(0x0000000023cc0000,0x0000000023dc0000)]
  0x000000001a343800 JavaThread "Cache worker for Build Output Cleanup Cache (E:\StudioProjects\ColorMyViews\.gradle\buildOutputCleanup)" [_thread_blocked, id=28652, stack(0x0000000021be0000,0x0000000021ce0000)]
  0x000000001a345800 JavaThread "Build operations Thread 4" [_thread_blocked, id=33288, stack(0x0000000021ae0000,0x0000000021be0000)]
  0x000000001a344000 JavaThread "Build operations Thread 3" [_thread_blocked, id=32544, stack(0x00000000219e0000,0x0000000021ae0000)]
  0x000000001a341000 JavaThread "Build operations Thread 2" [_thread_blocked, id=32808, stack(0x00000000218e0000,0x00000000219e0000)]
  0x000000001a340800 JavaThread "Build operations" [_thread_blocked, id=30668, stack(0x00000000217e0000,0x00000000218e0000)]
  0x000000001a4b7000 JavaThread "Cache worker for execution history cache (C:\Users\Peter\.gradle\caches\6.1.1\executionHistory)" [_thread_blocked, id=22588, stack(0x0000000020ae0000,0x0000000020be0000)]
  0x000000001a4b5000 JavaThread "Cache worker for cache directory md-rule (C:\Users\Peter\.gradle\caches\6.1.1\md-rule)" [_thread_blocked, id=14644, stack(0x00000000209e0000,0x0000000020ae0000)]
  0x000000001a4b5800 JavaThread "Cache worker for cache directory md-supplier (C:\Users\Peter\.gradle\caches\6.1.1\md-supplier)" [_thread_blocked, id=31740, stack(0x000000001f8a0000,0x000000001f9a0000)]
  0x000000001a4b4000 JavaThread "Cache worker for file hash cache (E:\StudioProjects\ColorMyViews\.gradle\6.1.1\fileHashes)" [_thread_blocked, id=28644, stack(0x000000001f3a0000,0x000000001f4a0000)]
  0x000000001a4b3800 JavaThread "Cache worker for checksums cache (E:\StudioProjects\ColorMyViews\.gradle\checksums)" [_thread_blocked, id=30632, stack(0x000000001f2a0000,0x000000001f3a0000)]
  0x000000001a4b6800 JavaThread "Cache worker for file hash cache (C:\Users\Peter\.gradle\caches\6.1.1\fileHashes)" [_thread_in_native, id=29860, stack(0x000000001ded0000,0x000000001dfd0000)]
  0x000000001a4b2800 JavaThread "File lock request listener" [_thread_in_native, id=23564, stack(0x000000001ce00000,0x000000001cf00000)]
  0x000000001a4b0800 JavaThread "Cache worker for journal cache (C:\Users\Peter\.gradle\caches\journal-1)" [_thread_blocked, id=33192, stack(0x000000001cd00000,0x000000001ce00000)]
  0x0000000019f29000 JavaThread "Thread-9" [_thread_blocked, id=32168, stack(0x000000001ca00000,0x000000001cb00000)]
  0x00000000197e5800 JavaThread "Asynchronous log dispatcher for DefaultDaemonConnection: socket connection from /127.0.0.1:53385 to /127.0.0.1:53386" [_thread_blocked, id=33464, stack(0x000000001c800000,0x000000001c900000)]
  0x000000001a130000 JavaThread "Daemon worker" [_thread_in_Java, id=23428, stack(0x000000001c700000,0x000000001c800000)]
  0x0000000019898800 JavaThread "Cancel handler" [_thread_blocked, id=33008, stack(0x000000001c600000,0x000000001c700000)]
  0x00000000192e3800 JavaThread "Handler for socket connection from /127.0.0.1:53385 to /127.0.0.1:53386" [_thread_in_native, id=12224, stack(0x000000001c300000,0x000000001c400000)]
  0x0000000019ebd800 JavaThread "Daemon periodic checks" [_thread_blocked, id=19764, stack(0x000000001c200000,0x000000001c300000)]
  0x00000000192e1000 JavaThread "Daemon" [_thread_blocked, id=28224, stack(0x000000001c100000,0x000000001c200000)]
  0x000000001ab2e800 JavaThread "Incoming local TCP Connector on port 53385" [_thread_in_native, id=4116, stack(0x000000001bec0000,0x000000001bfc0000)]
  0x00000000190fc000 JavaThread "Daemon health stats" [_thread_blocked, id=32648, stack(0x000000001b880000,0x000000001b980000)]
  0x00000000171ed000 JavaThread "Service Thread" daemon [_thread_blocked, id=33052, stack(0x0000000018ee0000,0x0000000018fe0000)]
  0x00000000189e8800 JavaThread "C1 CompilerThread2" daemon [_thread_blocked, id=32884, stack(0x0000000018de0000,0x0000000018ee0000)]
=>0x00000000171e0000 JavaThread "C2 CompilerThread1" daemon [_thread_in_native, id=10200, stack(0x00000000188e0000,0x00000000189e0000)]
  0x0000000017196000 JavaThread "C2 CompilerThread0" daemon [_thread_in_native, id=33232, stack(0x00000000187e0000,0x00000000188e0000)]
  0x0000000017194800 JavaThread "Attach Listener" daemon [_thread_blocked, id=33732, stack(0x00000000186e0000,0x00000000187e0000)]
  0x000000000256e800 JavaThread "Signal Dispatcher" daemon [_thread_blocked, id=32636, stack(0x00000000185e0000,0x00000000186e0000)]
  0x0000000002565800 JavaThread "Finalizer" daemon [_thread_blocked, id=1680, stack(0x00000000183e0000,0x00000000184e0000)]
  0x0000000017179000 JavaThread "Reference Handler" daemon [_thread_blocked, id=33768, stack(0x00000000182e0000,0x00000000183e0000)]
  0x0000000000a2e000 JavaThread "main" [_thread_blocked, id=32224, stack(0x0000000002370000,0x0000000002470000)]

Other Threads:
  0x0000000017157800 VMThread [stack: 0x00000000181e0000,0x00000000182e0000] [id=33104]
  0x00000000171ee000 WatcherThread [stack: 0x0000000018fe0000,0x00000000190e0000] [id=33508]

VM state:not at safepoint (normal execution)

VM Mutex/Monitor currently owned by a thread: None

heap address: 0x0000000080000000, size: 2048 MB, Compressed Oops mode: 32-bit
Narrow klass base: 0x0000000000000000, Narrow klass shift: 3
Compressed class space size: 1073741824 Address: 0x0000000100000000

Heap:
 PSYoungGen      total 428032K, used 66351K [0x00000000d5580000, 0x00000000f5800000, 0x0000000100000000)
  eden space 382976K, 11% used [0x00000000d5580000,0x00000000d7f52040,0x00000000ecb80000)
  from space 45056K, 52% used [0x00000000ecb80000,0x00000000ee279ca8,0x00000000ef780000)
  to   space 40960K, 0% used [0x00000000f3000000,0x00000000f3000000,0x00000000f5800000)
 ParOldGen       total 148480K, used 88307K [0x0000000080000000, 0x0000000089100000, 0x00000000d5580000)
  object space 148480K, 59% used [0x0000000080000000,0x000000008563ce30,0x0000000089100000)
 Metaspace       used 94043K, capacity 98212K, committed 98840K, reserved 1134592K
  class space    used 12413K, capacity 13195K, committed 13360K, reserved 1048576K

Card table byte_map: [0x0000000011930000,0x0000000011d40000] byte_map_base: 0x0000000011530000

Marking Bits: (ParMarkBitMap*) 0x0000000054def030
 Begin Bits: [0x00000000123f0000, 0x00000000143f0000)
 End Bits:   [0x00000000143f0000, 0x00000000163f0000)

Polling page: 0x0000000000970000

CodeCache: size=245760Kb used=50630Kb max_used=50630Kb free=195129Kb
 bounds [0x0000000002570000, 0x0000000005730000, 0x0000000011570000]
 total_blobs=15172 nmethods=14141 adapters=940
 compilation: enabled

Compilation events (10 events):
Event: 105.068 Thread 0x00000000189e8800 17452 %     3       com.android.tools.r8.utils.V::c @ 52 (79 bytes)
Event: 105.069 Thread 0x00000000189e8800 nmethod 17452% 0x00000000056ca5d0 code [0x00000000056ca780, 0x00000000056cad28]
Event: 105.069 Thread 0x00000000189e8800 17453       3       com.android.tools.r8.utils.V::c (79 bytes)
Event: 105.070 Thread 0x00000000189e8800 nmethod 17453 0x00000000056c9290 code [0x00000000056c9440, 0x00000000056c9988]
Event: 105.076 Thread 0x00000000189e8800 17454 %     3       com.android.tools.r8.graph.h0$d::a @ 27 (49 bytes)
Event: 105.077 Thread 0x00000000189e8800 nmethod 17454% 0x00000000056c8690 code [0x00000000056c8860, 0x00000000056c8e78]
Event: 105.077 Thread 0x00000000189e8800 17455       3       com.android.tools.r8.graph.h0$d::a (49 bytes)
Event: 105.077 Thread 0x00000000189e8800 nmethod 17455 0x00000000056c7c10 code [0x00000000056c7dc0, 0x00000000056c8318]
Event: 105.089 Thread 0x00000000189e8800 17456       1       com.android.tools.r8.u.b.N0::k0 (2 bytes)
Event: 105.089 Thread 0x00000000189e8800 nmethod 17456 0x00000000056c7950 code [0x00000000056c7aa0, 0x00000000056c7bb0]

GC Heap History (10 events):
Event: 90.857 GC heap before
{Heap before GC invocations=29 (full 4):
 PSYoungGen      total 377856K, used 336384K [0x00000000d5580000, 0x00000000ef880000, 0x0000000100000000)
  eden space 336384K, 100% used [0x00000000d5580000,0x00000000e9e00000,0x00000000e9e00000)
  from space 41472K, 0% used [0x00000000ec780000,0x00000000ec780000,0x00000000ef000000)
  to   space 42496K, 0% used [0x00000000e9e00000,0x00000000e9e00000,0x00000000ec780000)
 ParOldGen       total 148480K, used 88291K [0x0000000080000000, 0x0000000089100000, 0x00000000d5580000)
  object space 148480K, 59% used [0x0000000080000000,0x0000000085638e30,0x0000000089100000)
 Metaspace       used 93985K, capacity 98178K, committed 98840K, reserved 1134592K
  class space    used 12411K, capacity 13192K, committed 13360K, reserved 1048576K
Event: 90.889 GC heap after
Heap after GC invocations=29 (full 4):
 PSYoungGen      total 378880K, used 4964K [0x00000000d5580000, 0x00000000f2900000, 0x0000000100000000)
  eden space 336384K, 0% used [0x00000000d5580000,0x00000000d5580000,0x00000000e9e00000)
  from space 42496K, 11% used [0x00000000e9e00000,0x00000000ea2d9218,0x00000000ec780000)
  to   space 45056K, 0% used [0x00000000efd00000,0x00000000efd00000,0x00000000f2900000)
 ParOldGen       total 148480K, used 88291K [0x0000000080000000, 0x0000000089100000, 0x00000000d5580000)
  object space 148480K, 59% used [0x0000000080000000,0x0000000085638e30,0x0000000089100000)
 Metaspace       used 93985K, capacity 98178K, committed 98840K, reserved 1134592K
  class space    used 12411K, capacity 13192K, committed 13360K, reserved 1048576K
}
Event: 95.588 GC heap before
{Heap before GC invocations=30 (full 4):
 PSYoungGen      total 378880K, used 341348K [0x00000000d5580000, 0x00000000f2900000, 0x0000000100000000)
  eden space 336384K, 100% used [0x00000000d5580000,0x00000000e9e00000,0x00000000e9e00000)
  from space 42496K, 11% used [0x00000000e9e00000,0x00000000ea2d9218,0x00000000ec780000)
  to   space 45056K, 0% used [0x00000000efd00000,0x00000000efd00000,0x00000000f2900000)
 ParOldGen       total 148480K, used 88291K [0x0000000080000000, 0x0000000089100000, 0x00000000d5580000)
  object space 148480K, 59% used [0x0000000080000000,0x0000000085638e30,0x0000000089100000)
 Metaspace       used 93998K, capacity 98186K, committed 98840K, reserved 1134592K
  class space    used 12411K, capacity 13192K, committed 13360K, reserved 1048576K
Event: 95.608 GC heap after
Heap after GC invocations=30 (full 4):
 PSYoungGen      total 422400K, used 5982K [0x00000000d5580000, 0x00000000f2380000, 0x0000000100000000)
  eden space 382976K, 0% used [0x00000000d5580000,0x00000000d5580000,0x00000000ecb80000)
  from space 39424K, 15% used [0x00000000efd00000,0x00000000f02d7aa0,0x00000000f2380000)
  to   space 45056K, 0% used [0x00000000ecb80000,0x00000000ecb80000,0x00000000ef780000)
 ParOldGen       total 148480K, used 88291K [0x0000000080000000, 0x0000000089100000, 0x00000000d5580000)
  object space 148480K, 59% used [0x0000000080000000,0x0000000085638e30,0x0000000089100000)
 Metaspace       used 93998K, capacity 98186K, committed 98840K, reserved 1134592K
  class space    used 12411K, capacity 13192K, committed 13360K, reserved 1048576K
}
Event: 98.802 GC heap before
{Heap before GC invocations=31 (full 4):
 PSYoungGen      total 422400K, used 388958K [0x00000000d5580000, 0x00000000f2380000, 0x0000000100000000)
  eden space 382976K, 100% used [0x00000000d5580000,0x00000000ecb80000,0x00000000ecb80000)
  from space 39424K, 15% used [0x00000000efd00000,0x00000000f02d7aa0,0x00000000f2380000)
  to   space 45056K, 0% used [0x00000000ecb80000,0x00000000ecb80000,0x00000000ef780000)
 ParOldGen       total 148480K, used 88291K [0x0000000080000000, 0x0000000089100000, 0x00000000d5580000)
  object space 148480K, 59% used [0x0000000080000000,0x0000000085638e30,0x0000000089100000)
 Metaspace       used 94021K, capacity 98202K, committed 98840K, reserved 1134592K
  class space    used 12412K, capacity 13194K, committed 13360K, reserved 1048576K
Event: 98.868 GC heap after
Heap after GC invocations=31 (full 4):
 PSYoungGen      total 428032K, used 20252K [0x00000000d5580000, 0x00000000f2380000, 0x0000000100000000)
  eden space 382976K, 0% used [0x00000000d5580000,0x00000000d5580000,0x00000000ecb80000)
  from space 45056K, 44% used [0x00000000ecb80000,0x00000000edf47168,0x00000000ef780000)
  to   space 39424K, 0% used [0x00000000efd00000,0x00000000efd00000,0x00000000f2380000)
 ParOldGen       total 148480K, used 88299K [0x0000000080000000, 0x0000000089100000, 0x00000000d5580000)
  object space 148480K, 59% used [0x0000000080000000,0x000000008563ae30,0x0000000089100000)
 Metaspace       used 94021K, capacity 98202K, committed 98840K, reserved 1134592K
  class space    used 12412K, capacity 13194K, committed 13360K, reserved 1048576K
}
Event: 101.493 GC heap before
{Heap before GC invocations=32 (full 4):
 PSYoungGen      total 428032K, used 403228K [0x00000000d5580000, 0x00000000f2380000, 0x0000000100000000)
  eden space 382976K, 100% used [0x00000000d5580000,0x00000000ecb80000,0x00000000ecb80000)
  from space 45056K, 44% used [0x00000000ecb80000,0x00000000edf47168,0x00000000ef780000)
  to   space 39424K, 0% used [0x00000000efd00000,0x00000000efd00000,0x00000000f2380000)
 ParOldGen       total 148480K, used 88299K [0x0000000080000000, 0x0000000089100000, 0x00000000d5580000)
  object space 148480K, 59% used [0x0000000080000000,0x000000008563ae30,0x0000000089100000)
 Metaspace       used 94027K, capacity 98202K, committed 98840K, reserved 1134592K
  class space    used 12412K, capacity 13194K, committed 13360K, reserved 1048576K
Event: 101.609 GC heap after
Heap after GC invocations=32 (full 4):
 PSYoungGen      total 422400K, used 20601K [0x00000000d5580000, 0x00000000f2380000, 0x0000000100000000)
  eden space 382976K, 0% used [0x00000000d5580000,0x00000000d5580000,0x00000000ecb80000)
  from space 39424K, 52% used [0x00000000efd00000,0x00000000f111e498,0x00000000f2380000)
  to   space 45056K, 0% used [0x00000000ecb80000,0x00000000ecb80000,0x00000000ef780000)
 ParOldGen       total 148480K, used 88299K [0x0000000080000000, 0x0000000089100000, 0x00000000d5580000)
  object space 148480K, 59% used [0x0000000080000000,0x000000008563ae30,0x0000000089100000)
 Metaspace       used 94027K, capacity 98202K, committed 98840K, reserved 1134592K
  class space    used 12412K, capacity 13194K, committed 13360K, reserved 1048576K
}
Event: 104.569 GC heap before
{Heap before GC invocations=33 (full 4):
 PSYoungGen      total 422400K, used 403577K [0x00000000d5580000, 0x00000000f2380000, 0x0000000100000000)
  eden space 382976K, 100% used [0x00000000d5580000,0x00000000ecb80000,0x00000000ecb80000)
  from space 39424K, 52% used [0x00000000efd00000,0x00000000f111e498,0x00000000f2380000)
  to   space 45056K, 0% used [0x00000000ecb80000,0x00000000ecb80000,0x00000000ef780000)
 ParOldGen       total 148480K, used 88299K [0x0000000080000000, 0x0000000089100000, 0x00000000d5580000)
  object space 148480K, 59% used [0x0000000080000000,0x000000008563ae30,0x0000000089100000)
 Metaspace       used 94039K, capacity 98212K, committed 98840K, reserved 1134592K
  class space    used 12413K, capacity 13195K, committed 13360K, reserved 1048576K
Event: 104.681 GC heap after
Heap after GC invocations=33 (full 4):
 PSYoungGen      total 428032K, used 23527K [0x00000000d5580000, 0x00000000f5800000, 0x0000000100000000)
  eden space 382976K, 0% used [0x00000000d5580000,0x00000000d5580000,0x00000000ecb80000)
  from space 45056K, 52% used [0x00000000ecb80000,0x00000000ee279ca8,0x00000000ef780000)
  to   space 40960K, 0% used [0x00000000f3000000,0x00000000f3000000,0x00000000f5800000)
 ParOldGen       total 148480K, used 88307K [0x0000000080000000, 0x0000000089100000, 0x00000000d5580000)
  object space 148480K, 59% used [0x0000000080000000,0x000000008563ce30,0x0000000089100000)
 Metaspace       used 94039K, capacity 98212K, committed 98840K, reserved 1134592K
  class space    used 12413K, capacity 13195K, committed 13360K, reserved 1048576K
}

Deoptimization events (10 events):
Event: 87.766 Thread 0x000000001a34d000 Uncommon trap: reason=unstable_if action=reinterpret pc=0x00000000052d1ba8 method=com.android.tools.r8.u.b.m1.a(Lcom/android/tools/r8/graph/f;Lcom/android/tools/r8/u/b/W;Ljava/util/function/Predicate;Ljava/util/Set;)Z @ 173
Event: 91.083 Thread 0x000000001a34d000 Uncommon trap: reason=bimorphic action=maybe_recompile pc=0x00000000054d6680 method=com.android.tools.r8.s.a.a.b.t0.a(Ljava/util/Collection;)Lcom/android/tools/r8/s/a/a/b/t0; @ 47
Event: 91.084 Thread 0x000000001a34d000 Uncommon trap: reason=bimorphic action=maybe_recompile pc=0x00000000054d6680 method=com.android.tools.r8.s.a.a.b.t0.a(Ljava/util/Collection;)Lcom/android/tools/r8/s/a/a/b/t0; @ 47
Event: 91.087 Thread 0x000000001a34d000 Uncommon trap: reason=bimorphic action=maybe_recompile pc=0x00000000054d6680 method=com.android.tools.r8.s.a.a.b.t0.a(Ljava/util/Collection;)Lcom/android/tools/r8/s/a/a/b/t0; @ 47
Event: 91.250 Thread 0x000000001a34d000 Uncommon trap: reason=unstable_if action=reinterpret pc=0x0000000002f16ecc method=com.android.tools.r8.ir.analysis.type.t.a(Lcom/android/tools/r8/u/b/m1;Lcom/android/tools/r8/ir/analysis/type/u;)V @ 83
Event: 91.340 Thread 0x000000001a34d000 Uncommon trap: reason=bimorphic action=maybe_recompile pc=0x00000000054d6680 method=com.android.tools.r8.s.a.a.b.t0.a(Ljava/util/Collection;)Lcom/android/tools/r8/s/a/a/b/t0; @ 47
Event: 97.730 Thread 0x000000001a34d000 Uncommon trap: reason=unstable_if action=reinterpret pc=0x0000000005578178 method=com.android.tools.r8.v.a.a.a.f.X.e(I)Ljava/lang/Object; @ 127
Event: 103.563 Thread 0x000000001a130000 Uncommon trap: reason=class_check action=maybe_recompile pc=0x000000000515c9f8 method=java.util.HashMap.removeNode(ILjava/lang/Object;Ljava/lang/Object;ZZ)Ljava/util/HashMap$Node; @ 143
Event: 103.969 Thread 0x000000001a130000 Uncommon trap: reason=unstable_if action=reinterpret pc=0x00000000054edffc method=com.android.tools.r8.ir.regalloc.a.a(Lcom/android/tools/r8/u/b/W;Lcom/android/tools/r8/s/a/a/b/W;Ljava/util/List;Lcom/android/tools/r8/ir/regalloc/e;Ljava/util/Map;)V @ 1569
Event: 104.888 Thread 0x000000001a130000 Uncommon trap: reason=unstable_if action=reinterpret pc=0x00000000053c5e30 method=com.android.tools.r8.ir.regalloc.a.a(Lcom/android/tools/r8/ir/regalloc/a$a;Z)Lcom/android/tools/r8/ir/regalloc/a$a; @ 3120

Classes redefined (0 events):
No events

Internal exceptions (10 events):
Event: 100.328 Thread 0x000000001a34e800 Exception <a 'sun/nio/fs/WindowsException'> (0x00000000d74700b8) thrown at [C:\src\AOSP-openjdk-git\hotspot\src\share\vm\prims\jni.cpp, line 710]
Event: 100.473 Thread 0x000000001a342000 Exception <a 'sun/nio/fs/WindowsException'> (0x00000000d72bf9a0) thrown at [C:\src\AOSP-openjdk-git\hotspot\src\share\vm\prims\jni.cpp, line 710]
Event: 100.651 Thread 0x000000001a342000 Exception <a 'sun/nio/fs/WindowsException'> (0x00000000e5624fc8) thrown at [C:\src\AOSP-openjdk-git\hotspot\src\share\vm\prims\jni.cpp, line 710]
Event: 101.436 Thread 0x000000001a34e800 Exception <a 'sun/nio/fs/WindowsException'> (0x00000000ec9b07d0) thrown at [C:\src\AOSP-openjdk-git\hotspot\src\share\vm\prims\jni.cpp, line 710]
Event: 103.080 Thread 0x000000001a342000 Exception <a 'sun/nio/fs/WindowsException'> (0x00000000d6306b40) thrown at [C:\src\AOSP-openjdk-git\hotspot\src\share\vm\prims\jni.cpp, line 710]
Event: 103.110 Thread 0x000000001a342000 Exception <a 'sun/nio/fs/WindowsException'> (0x00000000e287b730) thrown at [C:\src\AOSP-openjdk-git\hotspot\src\share\vm\prims\jni.cpp, line 710]
Event: 103.452 Thread 0x000000001a34e800 Exception <a 'sun/nio/fs/WindowsException'> (0x00000000d6baa640) thrown at [C:\src\AOSP-openjdk-git\hotspot\src\share\vm\prims\jni.cpp, line 710]
Event: 103.475 Thread 0x000000001a34e800 Exception <a 'sun/nio/fs/WindowsException'> (0x00000000e5d55dc8) thrown at [C:\src\AOSP-openjdk-git\hotspot\src\share\vm\prims\jni.cpp, line 710]
Event: 105.081 Thread 0x000000001a342000 Exception <a 'sun/nio/fs/WindowsException'> (0x00000000d564ec18) thrown at [C:\src\AOSP-openjdk-git\hotspot\src\share\vm\prims\jni.cpp, line 710]
Event: 105.106 Thread 0x000000001a342000 Exception <a 'sun/nio/fs/WindowsException'> (0x00000000d7ef8610) thrown at [C:\src\AOSP-openjdk-git\hotspot\src\share\vm\prims\jni.cpp, line 710]

Events (10 events):
Event: 104.888 Thread 0x000000001a130000 DEOPT PACKING pc=0x00000000053c5e30 sp=0x000000001c7f7a20
Event: 104.888 Thread 0x000000001a130000 DEOPT UNPACKING pc=0x00000000025b557b sp=0x000000001c7f7a40 mode 2
Event: 104.990 Thread 0x000000001a130000 DEOPT PACKING pc=0x0000000004e471a5 sp=0x000000001c7f78e0
Event: 104.990 Thread 0x000000001a130000 DEOPT UNPACKING pc=0x00000000025b75d0 sp=0x000000001c7f7810 mode 0
Event: 105.000 Thread 0x000000001a130000 DEOPT PACKING pc=0x0000000005670471 sp=0x000000001c7f7850
Event: 105.000 Thread 0x000000001a130000 DEOPT UNPACKING pc=0x00000000025b75d0 sp=0x000000001c7f7888 mode 0
Event: 105.073 Thread 0x000000001a34d000 DEOPT PACKING pc=0x0000000004bf030d sp=0x000000002496a5c0
Event: 105.073 Thread 0x000000001a34d000 DEOPT UNPACKING pc=0x00000000025b75d0 sp=0x000000002496a338 mode 0
Event: 105.077 Thread 0x000000001a34d000 DEOPT PACKING pc=0x00000000045b079c sp=0x000000002496a730
Event: 105.077 Thread 0x000000001a34d000 DEOPT UNPACKING pc=0x00000000025b75d0 sp=0x000000002496a4a8 mode 0


Dynamic libraries:
0x00007ff6ff890000 - 0x00007ff6ff8c1000 	C:\Program Files\Android\Android Studio\jre\bin\java.exe
0x00007ff8fba60000 - 0x00007ff8fbc50000 	C:\WINDOWS\SYSTEM32\ntdll.dll
0x00007ff8faf90000 - 0x00007ff8fb042000 	C:\WINDOWS\System32\KERNEL32.DLL
0x00007ff8f8b50000 - 0x00007ff8f8df4000 	C:\WINDOWS\System32\KERNELBASE.dll
0x00007ff8fa600000 - 0x00007ff8fa6a3000 	C:\WINDOWS\System32\ADVAPI32.dll
0x00007ff8f9ec0000 - 0x00007ff8f9f5e000 	C:\WINDOWS\System32\msvcrt.dll
0x00007ff8fad50000 - 0x00007ff8fade7000 	C:\WINDOWS\System32\sechost.dll
0x00007ff8f9f60000 - 0x00007ff8fa080000 	C:\WINDOWS\System32\RPCRT4.dll
0x00007ff8fb7e0000 - 0x00007ff8fb974000 	C:\WINDOWS\System32\USER32.dll
0x00007ff8f9ae0000 - 0x00007ff8f9b01000 	C:\WINDOWS\System32\win32u.dll
0x00007ff8fb9f0000 - 0x00007ff8fba16000 	C:\WINDOWS\System32\GDI32.dll
0x00007ff8f9840000 - 0x00007ff8f99d5000 	C:\WINDOWS\System32\gdi32full.dll
0x00007ff8f8f70000 - 0x00007ff8f900e000 	C:\WINDOWS\System32\msvcp_win.dll
0x00007ff8f99e0000 - 0x00007ff8f9ada000 	C:\WINDOWS\System32\ucrtbase.dll
0x00007ff8ef130000 - 0x00007ff8ef3b4000 	C:\WINDOWS\WinSxS\amd64_microsoft.windows.common-controls_6595b64144ccf1df_6.0.18362.900_none_e6beb9d913147d17\COMCTL32.dll
0x00007ff8f9b80000 - 0x00007ff8f9eb5000 	C:\WINDOWS\System32\combase.dll
0x00007ff8f8ad0000 - 0x00007ff8f8b50000 	C:\WINDOWS\System32\bcryptPrimitives.dll
0x00007ff8fb050000 - 0x00007ff8fb07e000 	C:\WINDOWS\System32\IMM32.DLL
0x0000000053ad0000 - 0x0000000053ba2000 	C:\Program Files\Android\Android Studio\jre\jre\bin\msvcr100.dll
0x0000000054620000 - 0x0000000054e6b000 	C:\Program Files\Android\Android Studio\jre\jre\bin\server\jvm.dll
0x00007ff8f9b10000 - 0x00007ff8f9b18000 	C:\WINDOWS\System32\PSAPI.DLL
0x00007ff8ecdc0000 - 0x00007ff8ecdc9000 	C:\WINDOWS\SYSTEM32\WSOCK32.dll
0x00007ff8faf20000 - 0x00007ff8faf8f000 	C:\WINDOWS\System32\WS2_32.dll
0x00007ff8f5e80000 - 0x00007ff8f5ea4000 	C:\WINDOWS\SYSTEM32\WINMM.dll
0x00007ff8eedd0000 - 0x00007ff8eedda000 	C:\WINDOWS\SYSTEM32\VERSION.dll
0x00007ff8f5680000 - 0x00007ff8f56ad000 	C:\WINDOWS\SYSTEM32\WINMMBASE.dll
0x00007ff8f89f0000 - 0x00007ff8f8a3a000 	C:\WINDOWS\System32\cfgmgr32.dll
0x00007ff8f8210000 - 0x00007ff8f821f000 	C:\Program Files\Android\Android Studio\jre\jre\bin\verify.dll
0x00007ff8eab90000 - 0x00007ff8eabb9000 	C:\Program Files\Android\Android Studio\jre\jre\bin\java.dll
0x00007ff8f1260000 - 0x00007ff8f1276000 	C:\Program Files\Android\Android Studio\jre\jre\bin\zip.dll
0x00007ff8fb0f0000 - 0x00007ff8fb7d6000 	C:\WINDOWS\System32\SHELL32.dll
0x00007ff8fa780000 - 0x00007ff8fa829000 	C:\WINDOWS\System32\shcore.dll
0x00007ff8f9010000 - 0x00007ff8f9790000 	C:\WINDOWS\System32\windows.storage.dll
0x00007ff8f8970000 - 0x00007ff8f8993000 	C:\WINDOWS\System32\profapi.dll
0x00007ff8f89a0000 - 0x00007ff8f89ea000 	C:\WINDOWS\System32\powrprof.dll
0x00007ff8f8920000 - 0x00007ff8f8930000 	C:\WINDOWS\System32\UMPDC.dll
0x00007ff8f9b20000 - 0x00007ff8f9b72000 	C:\WINDOWS\System32\shlwapi.dll
0x00007ff8f8950000 - 0x00007ff8f8961000 	C:\WINDOWS\System32\kernel.appcore.dll
0x00007ff8f8f50000 - 0x00007ff8f8f67000 	C:\WINDOWS\System32\cryptsp.dll
0x00007ff8efef0000 - 0x00007ff8eff0a000 	C:\Program Files\Android\Android Studio\jre\jre\bin\net.dll
0x00007ff8f7b10000 - 0x00007ff8f7b77000 	C:\WINDOWS\system32\mswsock.dll
0x00007ff8efe80000 - 0x00007ff8efe93000 	C:\Program Files\Android\Android Studio\jre\jre\bin\nio.dll
0x00007ff8e1560000 - 0x00007ff8e1586000 	C:\Users\Peter\.gradle\native\31\windows-amd64\native-platform.dll
0x00007ff8f81f0000 - 0x00007ff8f81fd000 	C:\Program Files\Android\Android Studio\jre\jre\bin\management.dll
0x00007ff8f7680000 - 0x00007ff8f76b3000 	C:\WINDOWS\system32\rsaenh.dll
0x00007ff8f8a40000 - 0x00007ff8f8a66000 	C:\WINDOWS\System32\bcrypt.dll
0x00007ff8f8840000 - 0x00007ff8f8865000 	C:\WINDOWS\SYSTEM32\USERENV.dll
0x00007ff8f7ce0000 - 0x00007ff8f7cec000 	C:\WINDOWS\SYSTEM32\CRYPTBASE.dll
0x00007ff8f7820000 - 0x00007ff8f785a000 	C:\WINDOWS\SYSTEM32\IPHLPAPI.DLL
0x00007ff8fb080000 - 0x00007ff8fb088000 	C:\WINDOWS\System32\NSI.dll
0x00007ff8f0780000 - 0x00007ff8f0796000 	C:\WINDOWS\SYSTEM32\dhcpcsvc6.DLL
0x00007ff8f06a0000 - 0x00007ff8f06bc000 	C:\WINDOWS\SYSTEM32\dhcpcsvc.DLL
0x00007ff8f7860000 - 0x00007ff8f792b000 	C:\WINDOWS\SYSTEM32\DNSAPI.dll
0x00007ff8f6630000 - 0x00007ff8f66bf000 	C:\WINDOWS\system32\apphelp.dll
0x00007ff8d87c0000 - 0x00007ff8d895c000 	C:\Program Files\Android\Android Studio\jre\jre\bin\awt.dll
0x00007ff8fa6b0000 - 0x00007ff8fa775000 	C:\WINDOWS\System32\OLEAUT32.dll
0x00007ff8f50c0000 - 0x00007ff8f5680000 	C:\WINDOWS\SYSTEM32\d2d1.dll
0x00007ff8f6b30000 - 0x00007ff8f6b5d000 	C:\WINDOWS\SYSTEM32\dwmapi.dll
0x00007ff8f6700000 - 0x00007ff8f6799000 	C:\WINDOWS\system32\uxtheme.dll
0x00007ff8eac10000 - 0x00007ff8eac2e000 	C:\Users\Peter\AppData\Local\Temp\native-platform5549828538470209241dir\native-platform.dll

VM Arguments:
jvm_args: -Xmx2048m -Dfile.encoding=windows-1252 -Duser.country=US -Duser.language=en -Duser.variant 
java_command: org.gradle.launcher.daemon.bootstrap.GradleDaemon 6.1.1
java_class_path (initial): C:\Users\Peter\.gradle\wrapper\dists\gradle-6.1.1-all\cfmwm155h49vnt3hynmlrsdst\gradle-6.1.1\lib\gradle-launcher-6.1.1.jar
Launcher Type: SUN_STANDARD

Environment Variables:
PATH=C:\Program Files\ImageMagick-7.0.8-Q16;C:\Python27\;C:\Python27\Scripts;C:\Program Files (x86)\Python37-32\Scripts\;C:\Program Files (x86)\Python37-32\;C:\Program Files\Python37\Scripts\;C:\Program Files\Python37\;C:\Program Files (x86)\Common Files\Oracle\Java\javapath;C:\Windows\system32;C:\Windows;C:\Windows\System32\Wbem;C:\Windows\System32\WindowsPowerShell\v1.0\;C:\Program Files (x86)\Skype\Phone\;C:\Program Files (x86)\NVIDIA Corporation\PhysX\Common;C:\WINDOWS\system32;C:\WINDOWS;C:\WINDOWS\System32\Wbem;C:\WINDOWS\System32\WindowsPowerShell\v1.0\;C:\WINDOWS\System32\OpenSSH\;C:\Program Files\Git\cmd;C:\netcat1.12;C:\HashiCorp\Vagrant\bin;E:\programmes\android-sdk-windows\platform-tools;C:\Users\Peter\AppData\Local\Microsoft\WindowsApps;C:\Users\Peter\AppData\Local\GitHubDesktop\bin;C:\Users\Peter\AppData\Local\atom\bin;C:\Program Files\JetBrains\PyCharm Edu 2018.3\bin;;C:\netcat1.12;;C:\Program Files\JetBrains\PyCharm 191.4738.7\bin;;C:\Users\Peter\AppData\Local\Microsoft\WindowsApps;C:\Users\Peter\AppData\Local\Programs\Microsoft VS Code\bin;C:\Program Files\JetBrains\IntelliJ IDEA 2020.1.3\bin;;C:\Program Files\JetBrains\IntelliJ IDEA Community Edition 2020.2.2\bin;
USERNAME=Peter
OS=Windows_NT
PROCESSOR_IDENTIFIER=Intel64 Family 6 Model 61 Stepping 4, GenuineIntel



---------------  S Y S T E M  ---------------

OS: Windows 10.0 , 64 bit Build 18362 (10.0.18362.900)

CPU:total 4 (initial active 4) (2 cores per cpu, 2 threads per core) family 6 model 61 stepping 4, cmov, cx8, fxsr, mmx, sse, sse2, sse3, ssse3, sse4.1, sse4.2, popcnt, avx, avx2, aes, clmul, erms, 3dnowpref, lzcnt, ht, tsc, tscinvbit, bmi1, bmi2, adx

Memory: 4k page, physical 10404528k(1242164k free), swap 19242868k(6732k free)

vm_info: OpenJDK 64-Bit Server VM (25.242-b01) for windows-amd64 JRE (1.8.0_242-release-1644-b01), built by "builder" with MS VC++ 10.0 (VS2010)

time: Tue Oct 13 00:55:42 2020
timezone: Egypt Standard Time
elapsed time: 105 seconds (0d 0h 1m 45s)

