#
# There is insufficient memory for the Java Runtime Environment to continue.
# Native memory allocation (malloc) failed to allocate 2704704 bytes for Chunk::new
# Possible reasons:
#   The system is out of physical RAM or swap space
#   The process is running with CompressedOops enabled, and the Java Heap may be blocking the growth of the native heap
# Possible solutions:
#   Reduce memory load on the system
#   Increase physical memory or swap space
#   Check if swap backing store is full
#   Decrease Java heap size (-Xmx/-Xms)
#   Decrease number of Java threads
#   Decrease Java thread stack sizes (-Xss)
#   Set larger code cache with -XX:ReservedCodeCacheSize=
#   JVM is running with Unscaled Compressed Oops mode in which the Java heap is
#     placed in the first 4GB address space. The Java Heap base address is the
#     maximum limit for the native heap growth. Please use -XX:HeapBaseMinAddress
#     to set the Java Heap base and to place the Java Heap above 4GB virtual address.
# This output file may be truncated or incomplete.
#
#  Out of Memory Error (allocation.cpp:389), pid=28440, tid=0x0000000000007b48
#
# JRE version: OpenJDK Runtime Environment (8.0_242-b01) (build 1.8.0_242-release-1644-b01)
# Java VM: OpenJDK 64-Bit Server VM (25.242-b01 mixed mode windows-amd64 compressed oops)
# Failed to write core dump. Minidumps are not enabled by default on client versions of Windows
#

---------------  T H R E A D  ---------------

Current thread (0x0000000017c8b000):  JavaThread "C2 CompilerThread1" daemon [_thread_in_native, id=31560, stack(0x00000000193e0000,0x00000000194e0000)]

Stack: [0x00000000193e0000,0x00000000194e0000]
[error occurred during error reporting (printing stack bounds), id 0xc0000005]

Native frames: (J=compiled Java code, j=interpreted, Vv=VM code, C=native code)


Current CompileTask:
C2: 410661 17212 % !   4       com.android.tools.r8.dex.r::b @ 13 (2682 bytes)


---------------  P R O C E S S  ---------------

Java Threads: ( => current thread )
  0x000000001f08b000 JavaThread "ForkJoinPool.commonPool-worker-2" daemon [_thread_blocked, id=19784, stack(0x000000002f9b0000,0x000000002fab0000)]
  0x000000001f08f800 JavaThread "ForkJoinPool.commonPool-worker-1" daemon [_thread_blocked, id=30180, stack(0x000000002f040000,0x000000002f140000)]
  0x000000001f08a800 JavaThread "ForkJoinPool.commonPool-worker-0" daemon [_thread_blocked, id=19148, stack(0x000000002e210000,0x000000002e310000)]
  0x000000001f088000 JavaThread "WorkerExecutor Queue Thread 4" [_thread_blocked, id=32336, stack(0x000000002ef40000,0x000000002f040000)]
  0x000000001f089000 JavaThread "WorkerExecutor Queue Thread 3" [_thread_blocked, id=27148, stack(0x000000002e710000,0x000000002e810000)]
  0x000000001f08c800 JavaThread "RMI TCP Connection(1)-127.0.0.1" daemon [_thread_in_native, id=29528, stack(0x000000002e610000,0x000000002e710000)]
  0x000000001f087800 JavaThread "RMI Reaper" [_thread_blocked, id=17272, stack(0x000000002e510000,0x000000002e610000)]
  0x000000001f08c000 JavaThread "RMI TCP Accept-0" daemon [_thread_in_native, id=22368, stack(0x000000002e410000,0x000000002e510000)]
  0x000000001b9b4000 JavaThread "GC Daemon" daemon [_thread_blocked, id=31972, stack(0x000000002e310000,0x000000002e410000)]
  0x000000001b9b3800 JavaThread "RMI Scheduler(0)" daemon [_thread_blocked, id=32980, stack(0x000000002e110000,0x000000002e210000)]
  0x000000001b9b2800 JavaThread "WorkerExecutor Queue Thread 2" [_thread_blocked, id=33472, stack(0x000000002de10000,0x000000002df10000)]
  0x000000001a695000 JavaThread "stdout" [_thread_in_native, id=28176, stack(0x000000002d7e0000,0x000000002d8e0000)]
  0x000000001a694000 JavaThread "stderr" [_thread_in_native, id=33500, stack(0x000000002d6e0000,0x000000002d7e0000)]
  0x000000001a692800 JavaThread "pool-4-thread-1" [_thread_blocked, id=31184, stack(0x000000002d5e0000,0x000000002d6e0000)]
  0x000000001a693800 JavaThread "WorkerExecutor Queue" [_thread_blocked, id=17740, stack(0x000000002d4e0000,0x000000002d5e0000)]
  0x000000001ab4e800 JavaThread "Cache worker for execution history cache (E:\StudioProjects\ColorMyViews\.gradle\6.1.1\executionHistory)" [_thread_blocked, id=7736, stack(0x000000002c410000,0x000000002c510000)]
  0x000000001ab48800 JavaThread "Cache worker for file content cache (E:\StudioProjects\ColorMyViews\.gradle\6.1.1\fileContent)" [_thread_blocked, id=30544, stack(0x00000000248b0000,0x00000000249b0000)]
  0x0000000028bdc000 JavaThread "Cache worker for Build Output Cleanup Cache (E:\StudioProjects\ColorMyViews\.gradle\buildOutputCleanup)" [_thread_blocked, id=12840, stack(0x0000000023cd0000,0x0000000023dd0000)]
  0x0000000028bda800 JavaThread "Build operations Thread 4" [_thread_blocked, id=30768, stack(0x00000000239b0000,0x0000000023ab0000)]
  0x0000000028bd9800 JavaThread "Build operations Thread 3" [_thread_blocked, id=32860, stack(0x0000000022eb0000,0x0000000022fb0000)]
  0x0000000028bd9000 JavaThread "Build operations Thread 2" [_thread_blocked, id=28864, stack(0x0000000022320000,0x0000000022420000)]
  0x0000000028bd7800 JavaThread "Build operations" [_thread_blocked, id=31004, stack(0x0000000021fb0000,0x00000000220b0000)]
  0x0000000028bdb000 JavaThread "Cache worker for cache directory md-rule (C:\Users\Peter\.gradle\caches\6.1.1\md-rule)" [_thread_blocked, id=32596, stack(0x00000000212f0000,0x00000000213f0000)]
  0x0000000028bd6000 JavaThread "Cache worker for cache directory md-supplier (C:\Users\Peter\.gradle\caches\6.1.1\md-supplier)" [_thread_blocked, id=29860, stack(0x00000000211f0000,0x00000000212f0000)]
  0x0000000028bce800 JavaThread "Cache worker for file hash cache (E:\StudioProjects\ColorMyViews\.gradle\6.1.1\fileHashes)" [_thread_blocked, id=33464, stack(0x00000000200a0000,0x00000000201a0000)]
  0x0000000028bd5000 JavaThread "Cache worker for checksums cache (E:\StudioProjects\ColorMyViews\.gradle\checksums)" [_thread_blocked, id=8604, stack(0x000000001ffa0000,0x00000000200a0000)]
  0x0000000028bd4800 JavaThread "Thread-39" [_thread_blocked, id=31128, stack(0x000000001d500000,0x000000001d600000)]
  0x0000000028bcd800 JavaThread "Stdin handler" [_thread_blocked, id=33232, stack(0x000000001d200000,0x000000001d300000)]
  0x0000000028bd3800 JavaThread "Asynchronous log dispatcher for DefaultDaemonConnection: socket connection from /127.0.0.1:53412 to /127.0.0.1:53462" [_thread_blocked, id=10016, stack(0x000000001d100000,0x000000001d200000)]
  0x0000000028bd2000 JavaThread "Daemon worker Thread 2" [_thread_in_native, id=30972, stack(0x000000001ce00000,0x000000001cf00000)]
  0x0000000028bd1800 JavaThread "Cancel handler" [_thread_blocked, id=5488, stack(0x000000001cd00000,0x000000001ce00000)]
  0x0000000028bcd000 JavaThread "Handler for socket connection from /127.0.0.1:53412 to /127.0.0.1:53462" [_thread_in_native, id=14672, stack(0x00000000014e0000,0x00000000015e0000)]
  0x0000000028bd0800 JavaThread "Daemon Thread 2" [_thread_blocked, id=27484, stack(0x00000000012e0000,0x00000000013e0000)]
  0x000000001ab47000 JavaThread "Cache worker for file content cache (C:\Users\Peter\.gradle\caches\6.1.1\fileContent)" [_thread_blocked, id=26428, stack(0x00000000238b0000,0x00000000239b0000)]
  0x000000001ab41000 JavaThread "Memory manager" [_thread_blocked, id=28696, stack(0x00000000237b0000,0x00000000238b0000)]
  0x000000001b9b5000 JavaThread "Cache worker for execution history cache (C:\Users\Peter\.gradle\caches\6.1.1\executionHistory)" [_thread_blocked, id=27364, stack(0x00000000213f0000,0x00000000214f0000)]
  0x000000001b9b6800 JavaThread "Cache worker for file hash cache (C:\Users\Peter\.gradle\caches\6.1.1\fileHashes)" [_thread_blocked, id=11268, stack(0x000000001da00000,0x000000001db00000)]
  0x000000001b9b8000 JavaThread "File lock request listener" [_thread_in_native, id=8520, stack(0x000000001d900000,0x000000001da00000)]
  0x000000001b089800 JavaThread "Cache worker for journal cache (C:\Users\Peter\.gradle\caches\journal-1)" [_thread_blocked, id=14284, stack(0x000000001d800000,0x000000001d900000)]
  0x000000001b730800 JavaThread "Daemon periodic checks" [_thread_blocked, id=31992, stack(0x000000001cc00000,0x000000001cd00000)]
  0x0000000019691000 JavaThread "Incoming local TCP Connector on port 53412" [_thread_in_native, id=28660, stack(0x000000001c9c0000,0x000000001cac0000)]
  0x0000000019c4c800 JavaThread "Daemon health stats" [_thread_blocked, id=17532, stack(0x000000001c380000,0x000000001c480000)]
  0x0000000019610800 JavaThread "Service Thread" daemon [_thread_blocked, id=31520, stack(0x00000000199e0000,0x0000000019ae0000)]
  0x0000000017c9a000 JavaThread "C1 CompilerThread2" daemon [_thread_blocked, id=26888, stack(0x00000000194e0000,0x00000000195e0000)]
=>0x0000000017c8b000 JavaThread "C2 CompilerThread1" daemon [_thread_in_native, id=31560, stack(0x00000000193e0000,0x00000000194e0000)]
  0x0000000017c87000 JavaThread "C2 CompilerThread0" daemon [_thread_in_native, id=27880, stack(0x00000000192e0000,0x00000000193e0000)]
  0x0000000017c86800 JavaThread "Attach Listener" daemon [_thread_blocked, id=30880, stack(0x00000000191e0000,0x00000000192e0000)]
  0x0000000017c84800 JavaThread "Signal Dispatcher" daemon [_thread_blocked, id=24340, stack(0x00000000190e0000,0x00000000191e0000)]
  0x000000000302d000 JavaThread "Finalizer" daemon [_thread_blocked, id=20252, stack(0x0000000018ee0000,0x0000000018fe0000)]
  0x0000000017c69000 JavaThread "Reference Handler" daemon [_thread_blocked, id=21764, stack(0x0000000018de0000,0x0000000018ee0000)]
  0x000000000167e000 JavaThread "main" [_thread_blocked, id=29336, stack(0x0000000002e30000,0x0000000002f30000)]

Other Threads:
  0x0000000017c47800 VMThread [stack: 0x0000000018ce0000,0x0000000018de0000] [id=28532]
  0x000000001961a000 WatcherThread [stack: 0x0000000019ae0000,0x0000000019be0000] [id=14320]

VM state:not at safepoint (normal execution)

VM Mutex/Monitor currently owned by a thread: None

heap address: 0x0000000080000000, size: 2048 MB, Compressed Oops mode: 32-bit
Narrow klass base: 0x0000000000000000, Narrow klass shift: 3
Compressed class space size: 1073741824 Address: 0x0000000100000000

Heap:
 PSYoungGen      total 418816K, used 178034K [0x00000000d5580000, 0x00000000f5080000, 0x0000000100000000)
  eden space 365056K, 34% used [0x00000000d5580000,0x00000000dcedd478,0x00000000eba00000)
  from space 53760K, 99% used [0x00000000f0000000,0x00000000f347f750,0x00000000f3480000)
  to   space 71680K, 0% used [0x00000000eba00000,0x00000000eba00000,0x00000000f0000000)
 ParOldGen       total 181760K, used 122110K [0x0000000080000000, 0x000000008b180000, 0x00000000d5580000)
  object space 181760K, 67% used [0x0000000080000000,0x000000008773f838,0x000000008b180000)
 Metaspace       used 92862K, capacity 97500K, committed 97560K, reserved 1134592K
  class space    used 12226K, capacity 13072K, committed 13096K, reserved 1048576K

Card table byte_map: [0x00000000123f0000,0x0000000012800000] byte_map_base: 0x0000000011ff0000

Marking Bits: (ParMarkBitMap*) 0x0000000054def030
 Begin Bits: [0x0000000012eb0000, 0x0000000014eb0000)
 End Bits:   [0x0000000014eb0000, 0x0000000016eb0000)

Polling page: 0x0000000001620000

CodeCache: size=245760Kb used=48505Kb max_used=48505Kb free=197254Kb
 bounds [0x0000000003030000, 0x0000000006000000, 0x0000000012030000]
 total_blobs=15284 nmethods=14374 adapters=819
 compilation: enabled

Compilation events (10 events):
Event: 410.631 Thread 0x0000000017c9a000 17432       3       org.gradle.api.internal.file.AbstractFileResolver::newResolver (13 bytes)
Event: 410.631 Thread 0x0000000017c9a000 nmethod 17432 0x0000000003dfef50 code [0x0000000003dff0c0, 0x0000000003dff2a8]
Event: 410.633 Thread 0x0000000017c9a000 17433       1       org.gradle.api.internal.provider.AbstractMappingProvider::getType (5 bytes)
Event: 410.633 Thread 0x0000000017c9a000 nmethod 17433 0x0000000005994290 code [0x00000000059943e0, 0x00000000059944f0]
Event: 410.633 Thread 0x0000000017c9a000 17434       3       java.util.EnumMap::put (51 bytes)
Event: 410.634 Thread 0x0000000017c9a000 nmethod 17434 0x0000000003dfe610 code [0x0000000003dfe7a0, 0x0000000003dfed08]
Event: 410.636 Thread 0x0000000017c9a000 17435       3       org.gradle.api.internal.file.DefaultFilePropertyFactory$DefaultDirectoryVar::fromFile (6 bytes)
Event: 410.636 Thread 0x0000000017c9a000 nmethod 17435 0x0000000003dfe250 code [0x0000000003dfe3c0, 0x0000000003dfe568]
Event: 410.640 Thread 0x0000000017c9a000 17436       1       java.util.concurrent.ConcurrentHashMap$MapEntry::getValue (5 bytes)
Event: 410.640 Thread 0x0000000017c9a000 nmethod 17436 0x0000000003dc5950 code [0x0000000003dc5aa0, 0x0000000003dc5bb0]

GC Heap History (10 events):
Event: 43.115 GC heap before
{Heap before GC invocations=27 (full 3):
 PSYoungGen      total 305664K, used 267789K [0x00000000d5580000, 0x00000000ee200000, 0x0000000100000000)
  eden space 256512K, 100% used [0x00000000d5580000,0x00000000e5000000,0x00000000e5000000)
  from space 49152K, 22% used [0x00000000e5000000,0x00000000e5b03768,0x00000000e8000000)
  to   space 48640K, 0% used [0x00000000eb280000,0x00000000eb280000,0x00000000ee200000)
 ParOldGen       total 181760K, used 85432K [0x0000000080000000, 0x000000008b180000, 0x00000000d5580000)
  object space 181760K, 47% used [0x0000000080000000,0x000000008536e2f0,0x000000008b180000)
 Metaspace       used 78366K, capacity 81952K, committed 82200K, reserved 1120256K
  class space    used 10580K, capacity 11257K, committed 11304K, reserved 1048576K
Event: 43.231 GC heap after
Heap after GC invocations=27 (full 3):
 PSYoungGen      total 350208K, used 14044K [0x00000000d5580000, 0x00000000edd00000, 0x0000000100000000)
  eden space 306688K, 0% used [0x00000000d5580000,0x00000000d5580000,0x00000000e8100000)
  from space 43520K, 32% used [0x00000000eb280000,0x00000000ec0373d0,0x00000000edd00000)
  to   space 47104K, 0% used [0x00000000e8100000,0x00000000e8100000,0x00000000eaf00000)
 ParOldGen       total 181760K, used 86556K [0x0000000080000000, 0x000000008b180000, 0x00000000d5580000)
  object space 181760K, 47% used [0x0000000080000000,0x0000000085487300,0x000000008b180000)
 Metaspace       used 78366K, capacity 81952K, committed 82200K, reserved 1120256K
  class space    used 10580K, capacity 11257K, committed 11304K, reserved 1048576K
}
Event: 46.911 GC heap before
{Heap before GC invocations=28 (full 3):
 PSYoungGen      total 350208K, used 320732K [0x00000000d5580000, 0x00000000edd00000, 0x0000000100000000)
  eden space 306688K, 100% used [0x00000000d5580000,0x00000000e8100000,0x00000000e8100000)
  from space 43520K, 32% used [0x00000000eb280000,0x00000000ec0373d0,0x00000000edd00000)
  to   space 47104K, 0% used [0x00000000e8100000,0x00000000e8100000,0x00000000eaf00000)
 ParOldGen       total 181760K, used 86556K [0x0000000080000000, 0x000000008b180000, 0x00000000d5580000)
  object space 181760K, 47% used [0x0000000080000000,0x0000000085487300,0x000000008b180000)
 Metaspace       used 79878K, capacity 83626K, committed 83736K, reserved 1122304K
  class space    used 10791K, capacity 11476K, committed 11560K, reserved 1048576K
Event: 47.047 GC heap after
Heap after GC invocations=28 (full 3):
 PSYoungGen      total 353792K, used 18077K [0x00000000d5580000, 0x00000000f0300000, 0x0000000100000000)
  eden space 306688K, 0% used [0x00000000d5580000,0x00000000d5580000,0x00000000e8100000)
  from space 47104K, 38% used [0x00000000e8100000,0x00000000e92a7468,0x00000000eaf00000)
  to   space 45056K, 0% used [0x00000000ed700000,0x00000000ed700000,0x00000000f0300000)
 ParOldGen       total 181760K, used 87660K [0x0000000080000000, 0x000000008b180000, 0x00000000d5580000)
  object space 181760K, 48% used [0x0000000080000000,0x000000008559b300,0x000000008b180000)
 Metaspace       used 79878K, capacity 83626K, committed 83736K, reserved 1122304K
  class space    used 10791K, capacity 11476K, committed 11560K, reserved 1048576K
}
Event: 53.008 GC heap before
{Heap before GC invocations=29 (full 3):
 PSYoungGen      total 353792K, used 324765K [0x00000000d5580000, 0x00000000f0300000, 0x0000000100000000)
  eden space 306688K, 100% used [0x00000000d5580000,0x00000000e8100000,0x00000000e8100000)
  from space 47104K, 38% used [0x00000000e8100000,0x00000000e92a7468,0x00000000eaf00000)
  to   space 45056K, 0% used [0x00000000ed700000,0x00000000ed700000,0x00000000f0300000)
 ParOldGen       total 181760K, used 87660K [0x0000000080000000, 0x000000008b180000, 0x00000000d5580000)
  object space 181760K, 48% used [0x0000000080000000,0x000000008559b300,0x000000008b180000)
 Metaspace       used 80760K, capacity 84566K, committed 84888K, reserved 1122304K
  class space    used 10888K, capacity 11584K, committed 11688K, reserved 1048576K
Event: 53.226 GC heap after
Heap after GC invocations=29 (full 3):
 PSYoungGen      total 386048K, used 45036K [0x00000000d5580000, 0x00000000f1280000, 0x0000000100000000)
  eden space 340992K, 0% used [0x00000000d5580000,0x00000000d5580000,0x00000000ea280000)
  from space 45056K, 99% used [0x00000000ed700000,0x00000000f02fb3c0,0x00000000f0300000)
  to   space 53760K, 0% used [0x00000000ea280000,0x00000000ea280000,0x00000000ed700000)
 ParOldGen       total 181760K, used 93800K [0x0000000080000000, 0x000000008b180000, 0x00000000d5580000)
  object space 181760K, 51% used [0x0000000080000000,0x0000000085b9a148,0x000000008b180000)
 Metaspace       used 80760K, capacity 84566K, committed 84888K, reserved 1122304K
  class space    used 10888K, capacity 11584K, committed 11688K, reserved 1048576K
}
Event: 58.992 GC heap before
{Heap before GC invocations=30 (full 3):
 PSYoungGen      total 386048K, used 386028K [0x00000000d5580000, 0x00000000f1280000, 0x0000000100000000)
  eden space 340992K, 100% used [0x00000000d5580000,0x00000000ea280000,0x00000000ea280000)
  from space 45056K, 99% used [0x00000000ed700000,0x00000000f02fb3c0,0x00000000f0300000)
  to   space 53760K, 0% used [0x00000000ea280000,0x00000000ea280000,0x00000000ed700000)
 ParOldGen       total 181760K, used 93800K [0x0000000080000000, 0x000000008b180000, 0x00000000d5580000)
  object space 181760K, 51% used [0x0000000080000000,0x0000000085b9a148,0x000000008b180000)
 Metaspace       used 83110K, capacity 87082K, committed 87320K, reserved 1124352K
  class space    used 11234K, capacity 11988K, committed 12072K, reserved 1048576K
Event: 59.096 GC heap after
Heap after GC invocations=30 (full 3):
 PSYoungGen      total 394752K, used 31948K [0x00000000d5580000, 0x00000000f3480000, 0x0000000100000000)
  eden space 340992K, 0% used [0x00000000d5580000,0x00000000d5580000,0x00000000ea280000)
  from space 53760K, 59% used [0x00000000ea280000,0x00000000ec1b3280,0x00000000ed700000)
  to   space 53760K, 0% used [0x00000000f0000000,0x00000000f0000000,0x00000000f3480000)
 ParOldGen       total 181760K, used 95424K [0x0000000080000000, 0x000000008b180000, 0x00000000d5580000)
  object space 181760K, 52% used [0x0000000080000000,0x0000000085d30148,0x000000008b180000)
 Metaspace       used 83110K, capacity 87082K, committed 87320K, reserved 1124352K
  class space    used 11234K, capacity 11988K, committed 12072K, reserved 1048576K
}
Event: 408.090 GC heap before
{Heap before GC invocations=31 (full 3):
 PSYoungGen      total 394752K, used 372940K [0x00000000d5580000, 0x00000000f3480000, 0x0000000100000000)
  eden space 340992K, 100% used [0x00000000d5580000,0x00000000ea280000,0x00000000ea280000)
  from space 53760K, 59% used [0x00000000ea280000,0x00000000ec1b3280,0x00000000ed700000)
  to   space 53760K, 0% used [0x00000000f0000000,0x00000000f0000000,0x00000000f3480000)
 ParOldGen       total 181760K, used 95424K [0x0000000080000000, 0x000000008b180000, 0x00000000d5580000)
  object space 181760K, 52% used [0x0000000080000000,0x0000000085d30148,0x000000008b180000)
 Metaspace       used 92744K, capacity 97270K, committed 97304K, reserved 1134592K
  class space    used 12220K, capacity 13065K, committed 13096K, reserved 1048576K
Event: 408.276 GC heap after
Heap after GC invocations=31 (full 3):
 PSYoungGen      total 418816K, used 53757K [0x00000000d5580000, 0x00000000f5080000, 0x0000000100000000)
  eden space 365056K, 0% used [0x00000000d5580000,0x00000000d5580000,0x00000000eba00000)
  from space 53760K, 99% used [0x00000000f0000000,0x00000000f347f750,0x00000000f3480000)
  to   space 71680K, 0% used [0x00000000eba00000,0x00000000eba00000,0x00000000f0000000)
 ParOldGen       total 181760K, used 122110K [0x0000000080000000, 0x000000008b180000, 0x00000000d5580000)
  object space 181760K, 67% used [0x0000000080000000,0x000000008773f838,0x000000008b180000)
 Metaspace       used 92744K, capacity 97270K, committed 97304K, reserved 1134592K
  class space    used 12220K, capacity 13065K, committed 13096K, reserved 1048576K
}

Deoptimization events (10 events):
Event: 410.113 Thread 0x000000001f089000 Uncommon trap: reason=class_check action=maybe_recompile pc=0x0000000005ead768 method=com.google.common.collect.ImmutableMap.copyOf(Ljava/util/Map;)Lcom/google/common/collect/ImmutableMap; @ 49
Event: 410.113 Thread 0x000000001f089000 Uncommon trap: reason=class_check action=maybe_recompile pc=0x0000000005e97b2c method=com.google.common.collect.Iterables.castOrCopyToCollection(Ljava/lang/Iterable;)Ljava/util/Collection; @ 1
Event: 410.113 Thread 0x000000001f089000 Uncommon trap: reason=class_check action=maybe_recompile pc=0x0000000005ead768 method=com.google.common.collect.ImmutableMap.copyOf(Ljava/util/Map;)Lcom/google/common/collect/ImmutableMap; @ 49
Event: 410.113 Thread 0x000000001f089000 Uncommon trap: reason=class_check action=maybe_recompile pc=0x0000000005e97b2c method=com.google.common.collect.Iterables.castOrCopyToCollection(Ljava/lang/Iterable;)Ljava/util/Collection; @ 1
Event: 410.113 Thread 0x000000001f089000 Uncommon trap: reason=class_check action=maybe_recompile pc=0x0000000005ead768 method=com.google.common.collect.ImmutableMap.copyOf(Ljava/util/Map;)Lcom/google/common/collect/ImmutableMap; @ 49
Event: 410.113 Thread 0x000000001f089000 Uncommon trap: reason=class_check action=maybe_recompile pc=0x0000000005e97b2c method=com.google.common.collect.Iterables.castOrCopyToCollection(Ljava/lang/Iterable;)Ljava/util/Collection; @ 1
Event: 410.125 Thread 0x000000001f089000 Uncommon trap: reason=bimorphic action=maybe_recompile pc=0x0000000005cee5c8 method=com.google.common.collect.TransformedIterator.hasNext()Z @ 4
Event: 410.125 Thread 0x000000001f089000 Uncommon trap: reason=bimorphic action=maybe_recompile pc=0x0000000005cfa1cc method=com.google.common.collect.TransformedIterator.next()Ljava/lang/Object; @ 5
Event: 410.125 Thread 0x000000001f089000 Uncommon trap: reason=bimorphic action=maybe_recompile pc=0x0000000005cee5c8 method=com.google.common.collect.TransformedIterator.hasNext()Z @ 4
Event: 410.619 Thread 0x0000000028bd2000 Uncommon trap: reason=class_check action=maybe_recompile pc=0x000000000572555c method=java.util.Spliterators$ArraySpliterator.tryAdvance(Ljava/util/function/Consumer;)Z @ 49

Classes redefined (0 events):
No events

Internal exceptions (10 events):
Event: 406.839 Thread 0x0000000028bd2000 Exception <a 'sun/nio/fs/WindowsException'> (0x00000000e470cc38) thrown at [C:\src\AOSP-openjdk-git\hotspot\src\share\vm\prims\jni.cpp, line 710]
Event: 406.839 Thread 0x0000000028bd2000 Exception <a 'sun/nio/fs/WindowsException'> (0x00000000e470f570) thrown at [C:\src\AOSP-openjdk-git\hotspot\src\share\vm\prims\jni.cpp, line 710]
Event: 406.839 Thread 0x0000000028bd2000 Exception <a 'sun/nio/fs/WindowsException'> (0x00000000e4710d68) thrown at [C:\src\AOSP-openjdk-git\hotspot\src\share\vm\prims\jni.cpp, line 710]
Event: 406.840 Thread 0x0000000028bd2000 Exception <a 'sun/nio/fs/WindowsException'> (0x00000000e4712600) thrown at [C:\src\AOSP-openjdk-git\hotspot\src\share\vm\prims\jni.cpp, line 710]
Event: 406.921 Thread 0x0000000028bd2000 Exception <a 'java/lang/NoSuchMethodError': <clinit>> (0x00000000e493a700) thrown at [C:\src\AOSP-openjdk-git\hotspot\src\share\vm\prims\jni.cpp, line 1615]
Event: 406.953 Thread 0x000000001a693800 Exception <a 'sun/nio/fs/WindowsException'> (0x00000000e33217e8) thrown at [C:\src\AOSP-openjdk-git\hotspot\src\share\vm\prims\jni.cpp, line 710]
Event: 407.003 Thread 0x000000001a693800 Exception <a 'sun/nio/fs/WindowsException'> (0x00000000e4c1ae00) thrown at [C:\src\AOSP-openjdk-git\hotspot\src\share\vm\prims\jni.cpp, line 710]
Event: 407.169 Thread 0x000000001a693800 Exception <a 'sun/nio/fs/WindowsException'> (0x00000000e4c24e78) thrown at [C:\src\AOSP-openjdk-git\hotspot\src\share\vm\prims\jni.cpp, line 710]
Event: 407.282 Thread 0x000000001f088000 Exception <a 'sun/nio/fs/WindowsException'> (0x00000000e4a996e0) thrown at [C:\src\AOSP-openjdk-git\hotspot\src\share\vm\prims\jni.cpp, line 710]
Event: 409.975 Thread 0x000000001f08f000 Exception <a 'sun/nio/fs/WindowsException'> (0x00000000dbc5bb60) thrown at [C:\src\AOSP-openjdk-git\hotspot\src\share\vm\prims\jni.cpp, line 710]

Events (10 events):
Event: 410.489 Thread 0x0000000017c9a000 flushing nmethod 0x0000000005eb9c90
Event: 410.489 Thread 0x0000000017c9a000 flushing nmethod 0x0000000005eba7d0
Event: 410.489 Thread 0x0000000017c9a000 flushing nmethod 0x0000000005ebca90
Event: 410.489 Thread 0x0000000017c9a000 flushing nmethod 0x0000000005ebde90
Event: 410.489 Thread 0x0000000017c9a000 flushing nmethod 0x0000000005ec00d0
Event: 410.489 Thread 0x0000000017c9a000 flushing nmethod 0x0000000005ec3210
Event: 410.489 Thread 0x0000000017c9a000 flushing nmethod 0x0000000005ec7250
Event: 410.618 Thread 0x0000000028bd2000 Uncommon trap: trap_request=0xffffffde fr.pc=0x000000000572555c
Event: 410.619 Thread 0x0000000028bd2000 DEOPT PACKING pc=0x000000000572555c sp=0x000000001cefacc0
Event: 410.619 Thread 0x0000000028bd2000 DEOPT UNPACKING pc=0x000000000307557b sp=0x000000001cefac48 mode 2


Dynamic libraries:
0x00007ff6ff890000 - 0x00007ff6ff8c1000 	C:\Program Files\Android\Android Studio\jre\bin\java.exe
0x00007ff8fba60000 - 0x00007ff8fbc50000 	C:\WINDOWS\SYSTEM32\ntdll.dll
0x00007ff8faf90000 - 0x00007ff8fb042000 	C:\WINDOWS\System32\KERNEL32.DLL
0x00007ff8f8b50000 - 0x00007ff8f8df4000 	C:\WINDOWS\System32\KERNELBASE.dll
0x00007ff8fa600000 - 0x00007ff8fa6a3000 	C:\WINDOWS\System32\ADVAPI32.dll
0x00007ff8f9ec0000 - 0x00007ff8f9f5e000 	C:\WINDOWS\System32\msvcrt.dll
0x00007ff8fad50000 - 0x00007ff8fade7000 	C:\WINDOWS\System32\sechost.dll
0x00007ff8f9f60000 - 0x00007ff8fa080000 	C:\WINDOWS\System32\RPCRT4.dll
0x00007ff8fb7e0000 - 0x00007ff8fb974000 	C:\WINDOWS\System32\USER32.dll
0x00007ff8f9ae0000 - 0x00007ff8f9b01000 	C:\WINDOWS\System32\win32u.dll
0x00007ff8fb9f0000 - 0x00007ff8fba16000 	C:\WINDOWS\System32\GDI32.dll
0x00007ff8f9840000 - 0x00007ff8f99d5000 	C:\WINDOWS\System32\gdi32full.dll
0x00007ff8f8f70000 - 0x00007ff8f900e000 	C:\WINDOWS\System32\msvcp_win.dll
0x00007ff8f99e0000 - 0x00007ff8f9ada000 	C:\WINDOWS\System32\ucrtbase.dll
0x00007ff8ef130000 - 0x00007ff8ef3b4000 	C:\WINDOWS\WinSxS\amd64_microsoft.windows.common-controls_6595b64144ccf1df_6.0.18362.900_none_e6beb9d913147d17\COMCTL32.dll
0x00007ff8f9b80000 - 0x00007ff8f9eb5000 	C:\WINDOWS\System32\combase.dll
0x00007ff8f8ad0000 - 0x00007ff8f8b50000 	C:\WINDOWS\System32\bcryptPrimitives.dll
0x00007ff8fb050000 - 0x00007ff8fb07e000 	C:\WINDOWS\System32\IMM32.DLL
0x0000000053ad0000 - 0x0000000053ba2000 	C:\Program Files\Android\Android Studio\jre\jre\bin\msvcr100.dll
0x0000000054620000 - 0x0000000054e6b000 	C:\Program Files\Android\Android Studio\jre\jre\bin\server\jvm.dll
0x00007ff8f9b10000 - 0x00007ff8f9b18000 	C:\WINDOWS\System32\PSAPI.DLL
0x00007ff8ecdc0000 - 0x00007ff8ecdc9000 	C:\WINDOWS\SYSTEM32\WSOCK32.dll
0x00007ff8faf20000 - 0x00007ff8faf8f000 	C:\WINDOWS\System32\WS2_32.dll
0x00007ff8f5e80000 - 0x00007ff8f5ea4000 	C:\WINDOWS\SYSTEM32\WINMM.dll
0x00007ff8eedd0000 - 0x00007ff8eedda000 	C:\WINDOWS\SYSTEM32\VERSION.dll
0x00007ff8f5680000 - 0x00007ff8f56ad000 	C:\WINDOWS\SYSTEM32\WINMMBASE.dll
0x00007ff8f89f0000 - 0x00007ff8f8a3a000 	C:\WINDOWS\System32\cfgmgr32.dll
0x00007ff8f8210000 - 0x00007ff8f821f000 	C:\Program Files\Android\Android Studio\jre\jre\bin\verify.dll
0x00007ff8eab90000 - 0x00007ff8eabb9000 	C:\Program Files\Android\Android Studio\jre\jre\bin\java.dll
0x00007ff8f1260000 - 0x00007ff8f1276000 	C:\Program Files\Android\Android Studio\jre\jre\bin\zip.dll
0x00007ff8fb0f0000 - 0x00007ff8fb7d6000 	C:\WINDOWS\System32\SHELL32.dll
0x00007ff8fa780000 - 0x00007ff8fa829000 	C:\WINDOWS\System32\shcore.dll
0x00007ff8f9010000 - 0x00007ff8f9790000 	C:\WINDOWS\System32\windows.storage.dll
0x00007ff8f8970000 - 0x00007ff8f8993000 	C:\WINDOWS\System32\profapi.dll
0x00007ff8f89a0000 - 0x00007ff8f89ea000 	C:\WINDOWS\System32\powrprof.dll
0x00007ff8f8920000 - 0x00007ff8f8930000 	C:\WINDOWS\System32\UMPDC.dll
0x00007ff8f9b20000 - 0x00007ff8f9b72000 	C:\WINDOWS\System32\shlwapi.dll
0x00007ff8f8950000 - 0x00007ff8f8961000 	C:\WINDOWS\System32\kernel.appcore.dll
0x00007ff8f8f50000 - 0x00007ff8f8f67000 	C:\WINDOWS\System32\cryptsp.dll
0x00007ff8efef0000 - 0x00007ff8eff0a000 	C:\Program Files\Android\Android Studio\jre\jre\bin\net.dll
0x00007ff8f7b10000 - 0x00007ff8f7b77000 	C:\WINDOWS\system32\mswsock.dll
0x00007ff8efe80000 - 0x00007ff8efe93000 	C:\Program Files\Android\Android Studio\jre\jre\bin\nio.dll
0x00007ff8e1560000 - 0x00007ff8e1586000 	C:\Users\Peter\.gradle\native\31\windows-amd64\native-platform.dll
0x00007ff8f81f0000 - 0x00007ff8f81fd000 	C:\Program Files\Android\Android Studio\jre\jre\bin\management.dll
0x00007ff8f7680000 - 0x00007ff8f76b3000 	C:\WINDOWS\system32\rsaenh.dll
0x00007ff8f8a40000 - 0x00007ff8f8a66000 	C:\WINDOWS\System32\bcrypt.dll
0x00007ff8f8840000 - 0x00007ff8f8865000 	C:\WINDOWS\SYSTEM32\USERENV.dll
0x00007ff8f7ce0000 - 0x00007ff8f7cec000 	C:\WINDOWS\SYSTEM32\CRYPTBASE.dll
0x00007ff8f7820000 - 0x00007ff8f785a000 	C:\WINDOWS\SYSTEM32\IPHLPAPI.DLL
0x00007ff8fb080000 - 0x00007ff8fb088000 	C:\WINDOWS\System32\NSI.dll
0x00007ff8f0780000 - 0x00007ff8f0796000 	C:\WINDOWS\SYSTEM32\dhcpcsvc6.DLL
0x00007ff8f06a0000 - 0x00007ff8f06bc000 	C:\WINDOWS\SYSTEM32\dhcpcsvc.DLL
0x00007ff8f7860000 - 0x00007ff8f792b000 	C:\WINDOWS\SYSTEM32\DNSAPI.dll

VM Arguments:
jvm_args: -Xmx2048m -Dfile.encoding=windows-1252 -Duser.country=US -Duser.language=en -Duser.variant 
java_command: org.gradle.launcher.daemon.bootstrap.GradleDaemon 6.1.1
java_class_path (initial): C:\Users\Peter\.gradle\wrapper\dists\gradle-6.1.1-all\cfmwm155h49vnt3hynmlrsdst\gradle-6.1.1\lib\gradle-launcher-6.1.1.jar
Launcher Type: SUN_STANDARD

Environment Variables:
PATH=C:\Program Files\ImageMagick-7.0.8-Q16;C:\Python27\;C:\Python27\Scripts;C:\Program Files (x86)\Python37-32\Scripts\;C:\Program Files (x86)\Python37-32\;C:\Program Files\Python37\Scripts\;C:\Program Files\Python37\;C:\Program Files (x86)\Common Files\Oracle\Java\javapath;C:\Windows\system32;C:\Windows;C:\Windows\System32\Wbem;C:\Windows\System32\WindowsPowerShell\v1.0\;C:\Program Files (x86)\Skype\Phone\;C:\Program Files (x86)\NVIDIA Corporation\PhysX\Common;C:\WINDOWS\system32;C:\WINDOWS;C:\WINDOWS\System32\Wbem;C:\WINDOWS\System32\WindowsPowerShell\v1.0\;C:\WINDOWS\System32\OpenSSH\;C:\Program Files\Git\cmd;C:\netcat1.12;C:\HashiCorp\Vagrant\bin;E:\programmes\android-sdk-windows\platform-tools;C:\Users\Peter\AppData\Local\Microsoft\WindowsApps;C:\Users\Peter\AppData\Local\GitHubDesktop\bin;C:\Users\Peter\AppData\Local\atom\bin;C:\Program Files\JetBrains\PyCharm Edu 2018.3\bin;;C:\netcat1.12;;C:\Program Files\JetBrains\PyCharm 191.4738.7\bin;;C:\Users\Peter\AppData\Local\Microsoft\WindowsApps;C:\Users\Peter\AppData\Local\Programs\Microsoft VS Code\bin;C:\Program Files\JetBrains\IntelliJ IDEA 2020.1.3\bin;;C:\Program Files\JetBrains\IntelliJ IDEA Community Edition 2020.2.2\bin;
USERNAME=Peter
OS=Windows_NT
PROCESSOR_IDENTIFIER=Intel64 Family 6 Model 61 Stepping 4, GenuineIntel



---------------  S Y S T E M  ---------------

OS: Windows 10.0 , 64 bit Build 18362 (10.0.18362.900)

CPU:total 4 (initial active 4) (2 cores per cpu, 2 threads per core) family 6 model 61 stepping 4, cmov, cx8, fxsr, mmx, sse, sse2, sse3, ssse3, sse4.1, sse4.2, popcnt, avx, avx2, aes, clmul, erms, 3dnowpref, lzcnt, ht, tsc, tscinvbit, bmi1, bmi2, adx

Memory: 4k page, physical 10404528k(1220892k free), swap 19242868k(7700k free)

vm_info: OpenJDK 64-Bit Server VM (25.242-b01) for windows-amd64 JRE (1.8.0_242-release-1644-b01), built by "builder" with MS VC++ 10.0 (VS2010)

time: Tue Oct 13 01:03:00 2020
timezone: Egypt Standard Time
elapsed time: 410 seconds (0d 0h 6m 50s)

